[32m2025-07-06 18:38:35 -0600[0m - dagster - [34mDEBUG[0m - scrape_realestate - b87d7330-015c-4942-bbbb-23cbaa44cd1f - 351954 - LOGS_CAPTURED - Started capturing logs in process (pid: 351954).
[32m2025-07-06 18:38:35 -0600[0m - dagster - [34mDEBUG[0m - scrape_realestate - b87d7330-015c-4942-bbbb-23cbaa44cd1f - 351954 - merge_staging_to_delta_table.cache_properies_from_rest_api - STEP_START - Started execution of step "merge_staging_to_delta_table.cache_properies_from_rest_api".
[32m2025-07-06 18:38:35 -0600[0m - dagster - [34mDEBUG[0m - scrape_realestate - b87d7330-015c-4942-bbbb-23cbaa44cd1f - merge_staging_to_delta_table.cache_properies_from_rest_api - Loading file from: /home/baltazarleon/Documents/GitHub/MasterProyect/practical-data-engineering/src/pipelines/real-estate/tmpx_cby9s7/storage/b87d7330-015c-4942-bbbb-23cbaa44cd1f/collect_properties/properties using PickledObjectFilesystemIOManager...
[32m2025-07-06 18:38:35 -0600[0m - dagster - [34mDEBUG[0m - scrape_realestate - b87d7330-015c-4942-bbbb-23cbaa44cd1f - 351954 - merge_staging_to_delta_table.cache_properies_from_rest_api - LOADED_INPUT - Loaded input "properties" using input manager "fs_io_manager", from output "properties" of step "collect_properties"
[32m2025-07-06 18:38:35 -0600[0m - dagster - [34mDEBUG[0m - scrape_realestate - b87d7330-015c-4942-bbbb-23cbaa44cd1f - 351954 - merge_staging_to_delta_table.cache_properies_from_rest_api - STEP_INPUT - Got input "properties" of type "PropertyDataFrame". (Type check passed).
[32m2025-07-06 18:38:36 -0600[0m - dagster - [34mDEBUG[0m - scrape_realestate - b87d7330-015c-4942-bbbb-23cbaa44cd1f - merge_staging_to_delta_table.cache_properies_from_rest_api - Request sent to https://api.immoscout24.ch/listings/listing/4001980822
[32m2025-07-06 18:38:37 -0600[0m - dagster - [34mDEBUG[0m - scrape_realestate - b87d7330-015c-4942-bbbb-23cbaa44cd1f - merge_staging_to_delta_table.cache_properies_from_rest_api - Request sent to https://api.immoscout24.ch/listings/listing/4002178545
[32m2025-07-06 18:38:38 -0600[0m - dagster - [34mDEBUG[0m - scrape_realestate - b87d7330-015c-4942-bbbb-23cbaa44cd1f - merge_staging_to_delta_table.cache_properies_from_rest_api - Request sent to https://api.immoscout24.ch/listings/listing/4002047801
[32m2025-07-06 18:38:39 -0600[0m - dagster - [34mDEBUG[0m - scrape_realestate - b87d7330-015c-4942-bbbb-23cbaa44cd1f - merge_staging_to_delta_table.cache_properies_from_rest_api - Request sent to https://api.immoscout24.ch/listings/listing/4002330870
[32m2025-07-06 18:38:40 -0600[0m - dagster - [34mDEBUG[0m - scrape_realestate - b87d7330-015c-4942-bbbb-23cbaa44cd1f - merge_staging_to_delta_table.cache_properies_from_rest_api - Request sent to https://api.immoscout24.ch/listings/listing/4001691186
[32m2025-07-06 18:38:42 -0600[0m - dagster - [34mDEBUG[0m - scrape_realestate - b87d7330-015c-4942-bbbb-23cbaa44cd1f - merge_staging_to_delta_table.cache_properies_from_rest_api - Request sent to https://api.immoscout24.ch/listings/listing/4001959857
[32m2025-07-06 18:38:42 -0600[0m - dagster - [34mDEBUG[0m - scrape_realestate - b87d7330-015c-4942-bbbb-23cbaa44cd1f - merge_staging_to_delta_table.cache_properies_from_rest_api - Request sent to https://api.immoscout24.ch/listings/listing/4002032660
[32m2025-07-06 18:38:43 -0600[0m - dagster - [34mDEBUG[0m - scrape_realestate - b87d7330-015c-4942-bbbb-23cbaa44cd1f - merge_staging_to_delta_table.cache_properies_from_rest_api - Request sent to https://api.immoscout24.ch/listings/listing/4002130045
[32m2025-07-06 18:38:44 -0600[0m - dagster - [34mDEBUG[0m - scrape_realestate - b87d7330-015c-4942-bbbb-23cbaa44cd1f - merge_staging_to_delta_table.cache_properies_from_rest_api - Request sent to https://api.immoscout24.ch/listings/listing/4002289191
[32m2025-07-06 18:38:45 -0600[0m - dagster - [34mDEBUG[0m - scrape_realestate - b87d7330-015c-4942-bbbb-23cbaa44cd1f - merge_staging_to_delta_table.cache_properies_from_rest_api - Request sent to https://api.immoscout24.ch/listings/listing/4001439152
[32m2025-07-06 18:38:46 -0600[0m - dagster - [34mDEBUG[0m - scrape_realestate - b87d7330-015c-4942-bbbb-23cbaa44cd1f - merge_staging_to_delta_table.cache_properies_from_rest_api - Request sent to https://api.immoscout24.ch/listings/listing/4002153323
[32m2025-07-06 18:38:47 -0600[0m - dagster - [34mDEBUG[0m - scrape_realestate - b87d7330-015c-4942-bbbb-23cbaa44cd1f - merge_staging_to_delta_table.cache_properies_from_rest_api - Request sent to https://api.immoscout24.ch/listings/listing/4002153307
[32m2025-07-06 18:38:48 -0600[0m - dagster - [34mDEBUG[0m - scrape_realestate - b87d7330-015c-4942-bbbb-23cbaa44cd1f - merge_staging_to_delta_table.cache_properies_from_rest_api - Request sent to https://api.immoscout24.ch/listings/listing/4002153297
[32m2025-07-06 18:38:50 -0600[0m - dagster - [34mDEBUG[0m - scrape_realestate - b87d7330-015c-4942-bbbb-23cbaa44cd1f - merge_staging_to_delta_table.cache_properies_from_rest_api - Request sent to https://api.immoscout24.ch/listings/listing/4001213536
[32m2025-07-06 18:38:51 -0600[0m - dagster - [34mDEBUG[0m - scrape_realestate - b87d7330-015c-4942-bbbb-23cbaa44cd1f - merge_staging_to_delta_table.cache_properies_from_rest_api - Request sent to https://api.immoscout24.ch/listings/listing/4002296393
[32m2025-07-06 18:38:52 -0600[0m - dagster - [34mDEBUG[0m - scrape_realestate - b87d7330-015c-4942-bbbb-23cbaa44cd1f - merge_staging_to_delta_table.cache_properies_from_rest_api - Request sent to https://api.immoscout24.ch/listings/listing/4002157215
[32m2025-07-06 18:38:52 -0600[0m - dagster - [34mDEBUG[0m - scrape_realestate - b87d7330-015c-4942-bbbb-23cbaa44cd1f - merge_staging_to_delta_table.cache_properies_from_rest_api - Request sent to https://api.immoscout24.ch/listings/listing/4002308307
[32m2025-07-06 18:38:53 -0600[0m - dagster - [34mDEBUG[0m - scrape_realestate - b87d7330-015c-4942-bbbb-23cbaa44cd1f - merge_staging_to_delta_table.cache_properies_from_rest_api - Request sent to https://api.immoscout24.ch/listings/listing/4002284634
[32m2025-07-06 18:38:55 -0600[0m - dagster - [34mDEBUG[0m - scrape_realestate - b87d7330-015c-4942-bbbb-23cbaa44cd1f - merge_staging_to_delta_table.cache_properies_from_rest_api - Request sent to https://api.immoscout24.ch/listings/listing/4002041896
[32m2025-07-06 18:38:56 -0600[0m - dagster - [34mDEBUG[0m - scrape_realestate - b87d7330-015c-4942-bbbb-23cbaa44cd1f - merge_staging_to_delta_table.cache_properies_from_rest_api - Request sent to https://api.immoscout24.ch/listings/listing/4001965619
[32m2025-07-06 18:38:57 -0600[0m - dagster - [34mDEBUG[0m - scrape_realestate - b87d7330-015c-4942-bbbb-23cbaa44cd1f - merge_staging_to_delta_table.cache_properies_from_rest_api - Request sent to https://api.immoscout24.ch/listings/listing/4002238787
[32m2025-07-06 18:38:58 -0600[0m - dagster - [34mDEBUG[0m - scrape_realestate - b87d7330-015c-4942-bbbb-23cbaa44cd1f - merge_staging_to_delta_table.cache_properies_from_rest_api - Request sent to https://api.immoscout24.ch/listings/listing/4002320208
[32m2025-07-06 18:38:59 -0600[0m - dagster - [34mDEBUG[0m - scrape_realestate - b87d7330-015c-4942-bbbb-23cbaa44cd1f - merge_staging_to_delta_table.cache_properies_from_rest_api - Request sent to https://api.immoscout24.ch/listings/listing/4002121909
[32m2025-07-06 18:39:00 -0600[0m - dagster - [34mDEBUG[0m - scrape_realestate - b87d7330-015c-4942-bbbb-23cbaa44cd1f - merge_staging_to_delta_table.cache_properies_from_rest_api - Request sent to https://api.immoscout24.ch/listings/listing/4001701055
[32m2025-07-06 18:39:01 -0600[0m - dagster - [34mDEBUG[0m - scrape_realestate - b87d7330-015c-4942-bbbb-23cbaa44cd1f - merge_staging_to_delta_table.cache_properies_from_rest_api - Request sent to https://api.immoscout24.ch/listings/listing/4002313503
[32m2025-07-06 18:39:02 -0600[0m - dagster - [34mINFO[0m - scrape_realestate - b87d7330-015c-4942-bbbb-23cbaa44cd1f - merge_staging_to_delta_table.cache_properies_from_rest_api - File handle written at : /tmp/dagster/file_cache/768714f0-231f-49f9-91bf-65d5b6a401a2.gz
[32m2025-07-06 18:39:02 -0600[0m - dagster - [34mDEBUG[0m - scrape_realestate - b87d7330-015c-4942-bbbb-23cbaa44cd1f - 351954 - merge_staging_to_delta_table.cache_properies_from_rest_api - STEP_OUTPUT - Yielded output "local_file_handle" of type "LocalFileHandle". (Type check passed).
[32m2025-07-06 18:39:02 -0600[0m - dagster - [34mDEBUG[0m - scrape_realestate - b87d7330-015c-4942-bbbb-23cbaa44cd1f - merge_staging_to_delta_table.cache_properies_from_rest_api - Writing file at: /home/baltazarleon/Documents/GitHub/MasterProyect/practical-data-engineering/src/pipelines/real-estate/tmpx_cby9s7/storage/b87d7330-015c-4942-bbbb-23cbaa44cd1f/merge_staging_to_delta_table.cache_properies_from_rest_api/local_file_handle using PickledObjectFilesystemIOManager...
[32m2025-07-06 18:39:02 -0600[0m - dagster - [34mDEBUG[0m - scrape_realestate - b87d7330-015c-4942-bbbb-23cbaa44cd1f - 351954 - merge_staging_to_delta_table.cache_properies_from_rest_api - HANDLED_OUTPUT - Handled output "local_file_handle" using IO manager "fs_io_manager"
[32m2025-07-06 18:39:02 -0600[0m - dagster - [34mDEBUG[0m - scrape_realestate - b87d7330-015c-4942-bbbb-23cbaa44cd1f - 351954 - merge_staging_to_delta_table.cache_properies_from_rest_api - STEP_SUCCESS - Finished execution of step "merge_staging_to_delta_table.cache_properies_from_rest_api" in 26.49s.
